<?xml version="1.0" encoding="UTF-8" standalone="yes"?>
<!DOCTYPE report PUBLIC "-//JACOCO//DTD Report 1.1//EN" "report.dtd">
<report name="gitaction">
    <sessioninfo id="fedora-bc7be8d3" start="1688720600339" dump="1688720602230"/>
    <sessioninfo id="fedora-587af43b" start="1688722565526" dump="1688722567367"/>
    <sessioninfo id="fedora-d8b6957f" start="1688722829031" dump="1688722831087"/>
    <package name="com/example/gitaction">
        <class name="com/example/gitaction/GitactionApplication" sourcefilename="GitactionApplication.java">
            <method name="&lt;init&gt;" desc="()V" line="7">
                <counter type="INSTRUCTION" missed="0" covered="3"/>
                <counter type="LINE" missed="0" covered="1"/>
                <counter type="COMPLEXITY" missed="0" covered="1"/>
                <counter type="METHOD" missed="0" covered="1"/>
            </method>
            <method name="main" desc="([Ljava/lang/String;)V" line="10">
                <counter type="INSTRUCTION" missed="5" covered="0"/>
                <counter type="LINE" missed="2" covered="0"/>
                <counter type="COMPLEXITY" missed="1" covered="0"/>
                <counter type="METHOD" missed="1" covered="0"/>
            </method>
            <counter type="INSTRUCTION" missed="5" covered="3"/>
            <counter type="LINE" missed="2" covered="1"/>
            <counter type="COMPLEXITY" missed="1" covered="1"/>
            <counter type="METHOD" missed="1" covered="1"/>
            <counter type="CLASS" missed="0" covered="1"/>
        </class>
        <sourcefile name="GitactionApplication.java">
            <line nr="7" mi="0" ci="3" mb="0" cb="0"/>
            <line nr="10" mi="4" ci="0" mb="0" cb="0"/>
            <line nr="11" mi="1" ci="0" mb="0" cb="0"/>
            <counter type="INSTRUCTION" missed="5" covered="3"/>
            <counter type="LINE" missed="2" covered="1"/>
            <counter type="COMPLEXITY" missed="1" covered="1"/>
            <counter type="METHOD" missed="1" covered="1"/>
            <counter type="CLASS" missed="0" covered="1"/>
        </sourcefile>
        <counter type="INSTRUCTION" missed="5" covered="3"/>
        <counter type="LINE" missed="2" covered="1"/>
        <counter type="COMPLEXITY" missed="1" covered="1"/>
        <counter type="METHOD" missed="1" covered="1"/>
        <counter type="CLASS" missed="0" covered="1"/>
    </package>
    <counter type="INSTRUCTION" missed="500" covered="3"/>
    <counter type="LINE" missed="200" covered="1"/>
    <counter type="COMPLEXITY" missed="100" covered="1"/>
    <counter type="METHOD" missed="100" covered="1"/>
    <counter type="CLASS" missed="100" covered="1"/>
</report>